<?xml version="1.0" encoding="UTF-8"?>
<!-- Generated by org.testng.reporters.JUnitXMLReporter -->
<testsuite ignored="1" hostname="Alnobl" failures="0" tests="3" name="Default test" time="40.313" errors="0" timestamp="2024-03-16T04:24:25 AST">
  <testcase classname="smartBuy.testSignupPage" name="myTest" time="9.078"/>
  <testcase classname="smartBuy.testSignupPage" name="myTest" time="7.915"/>
  <testcase classname="smartBuy.testSignupPage" name="myTest" time="12.265"/>
  <testcase classname="smartBuy.testSignupPage" name="myTestTow" time="0.0">
    <ignored/>
  </testcase> <!-- myTestTow -->
</testsuite> <!-- Default test -->
