<?xml version="1.0" encoding="UTF-8"?>
<testng-results ignored="1" total="4" passed="3" failed="0" skipped="0">
  <reporter-output>
  </reporter-output>
  <suite started-at="2024-03-16T04:23:44 AST" name="Default suite" finished-at="2024-03-16T04:24:25 AST" duration-ms="40313">
    <groups>
    </groups>
    <test started-at="2024-03-16T04:23:44 AST" name="Default test" finished-at="2024-03-16T04:24:25 AST" duration-ms="40313">
      <class name="smartBuy.testSignupPage">
        <test-method is-config="true" signature="mySetup()[pri:0, instance:smartBuy.testSignupPage@1d470d0]" started-at="2024-03-16T04:23:44 AST" name="mySetup" finished-at="2024-03-16T04:23:55 AST" duration-ms="11004" status="PASS">
          <reporter-output>
          </reporter-output>
        </test-method> <!-- mySetup -->
        <test-method signature="myTest()[pri:1, instance:smartBuy.testSignupPage@1d470d0]" started-at="2024-03-16T04:23:56 AST" name="myTest" finished-at="2024-03-16T04:24:05 AST" duration-ms="9078" status="PASS">
          <reporter-output>
          </reporter-output>
        </test-method> <!-- myTest -->
        <test-method signature="myTest()[pri:1, instance:smartBuy.testSignupPage@1d470d0]" started-at="2024-03-16T04:24:05 AST" name="myTest" finished-at="2024-03-16T04:24:13 AST" duration-ms="7915" status="PASS">
          <reporter-output>
          </reporter-output>
        </test-method> <!-- myTest -->
        <test-method signature="myTest()[pri:1, instance:smartBuy.testSignupPage@1d470d0]" started-at="2024-03-16T04:24:13 AST" name="myTest" finished-at="2024-03-16T04:24:25 AST" duration-ms="12265" status="PASS">
          <reporter-output>
          </reporter-output>
        </test-method> <!-- myTest -->
      </class> <!-- smartBuy.testSignupPage -->
    </test> <!-- Default test -->
  </suite> <!-- Default suite -->
</testng-results>
